# JRE version: OpenJDK Runtime Environment Temurin-21.0.7+6 (21.0.7+6) (build 21.0.7+6-LTS)
# Java VM: OpenJDK 64-Bit Server VM Temurin-21.0.7+6 (21.0.7+6-LTS, mixed mode, sharing, tiered, compressed oops, compressed class ptrs, parallel gc, windows-amd64)
GC Precious Log:
 CardTable entry size: 512
 CPUs: 12 total, 12 available
 Memory: 16328M
 Large Page Support: Disabled
 NUMA Support: Disabled
 Compressed Oops: Enabled (32-bit)
 Alignments: Space 512K, Generation 512K, Heap 2M
 Heap Min Capacity: 100M
 Heap Initial Capacity: 100M
 Heap Max Capacity: 1G
 Pre-touch: Disabled
 Parallel Workers: 10
Heap:
 PSYoungGen      total 11776K, used 8821K [0x00000000eab00000, 0x00000000eb880000, 0x0000000100000000)
  eden space 10240K, 73% used [0x00000000eab00000,0x00000000eb25e3c8,0x00000000eb500000)
  from space 1536K, 83% used [0x00000000eb580000,0x00000000eb6bf160,0x00000000eb700000)
  to   space 1536K, 0% used [0x00000000eb700000,0x00000000eb700000,0x00000000eb880000)
 ParOldGen       total 124416K, used 124153K [0x00000000c0000000, 0x00000000c7980000, 0x00000000eab00000)
  object space 124416K, 99% used [0x00000000c0000000,0x00000000c793e688,0x00000000c7980000)
 Metaspace       used 54302K, committed 55552K, reserved 1114112K
  class space    used 5698K, committed 6272K, reserved 1048576K
GC Heap History (20 events):
Event: 8.663 GC heap before
{Heap before GC invocations=49 (full 2):
 PSYoungGen      total 14336K, used 14093K [0x00000000eab00000, 0x00000000ebe80000, 0x0000000100000000)
  eden space 11264K, 100% used [0x00000000eab00000,0x00000000eb600000,0x00000000eb600000)
  from space 3072K, 92% used [0x00000000ebb80000,0x00000000ebe436c8,0x00000000ebe80000)
  to   space 3584K, 0% used [0x00000000eb780000,0x00000000eb780000,0x00000000ebb00000)
 ParOldGen       total 98816K, used 98346K [0x00000000c0000000, 0x00000000c6080000, 0x00000000eab00000)
  object space 98816K, 99% used [0x00000000c0000000,0x00000000c600aa88,0x00000000c6080000)
 Metaspace       used 52444K, committed 53632K, reserved 1114112K
  class space    used 5525K, committed 6080K, reserved 1048576K
}
Event: 8.666 GC heap after
{Heap after GC invocations=49 (full 2):
 PSYoungGen      total 14336K, used 2808K [0x00000000eab00000, 0x00000000ebc00000, 0x0000000100000000)
  eden space 11264K, 0% used [0x00000000eab00000,0x00000000eab00000,0x00000000eb600000)
  from space 3072K, 91% used [0x00000000eb780000,0x00000000eba3e318,0x00000000eba80000)
  to   space 1536K, 0% used [0x00000000eba80000,0x00000000eba80000,0x00000000ebc00000)
 ParOldGen       total 101376K, used 100945K [0x00000000c0000000, 0x00000000c6300000, 0x00000000eab00000)
  object space 101376K, 99% used [0x00000000c0000000,0x00000000c6294788,0x00000000c6300000)
 Metaspace       used 52444K, committed 53632K, reserved 1114112K
  class space    used 5525K, committed 6080K, reserved 1048576K
}
Event: 8.703 GC heap before
{Heap before GC invocations=50 (full 2):
 PSYoungGen      total 14336K, used 14072K [0x00000000eab00000, 0x00000000ebc00000, 0x0000000100000000)
  eden space 11264K, 100% used [0x00000000eab00000,0x00000000eb600000,0x00000000eb600000)
  from space 3072K, 91% used [0x00000000eb780000,0x00000000eba3e318,0x00000000eba80000)
  to   space 1536K, 0% used [0x00000000eba80000,0x00000000eba80000,0x00000000ebc00000)
 ParOldGen       total 101376K, used 100945K [0x00000000c0000000, 0x00000000c6300000, 0x00000000eab00000)
  object space 101376K, 99% used [0x00000000c0000000,0x00000000c6294788,0x00000000c6300000)
 Metaspace       used 52525K, committed 53760K, reserved 1114112K
  class space    used 5534K, committed 6080K, reserved 1048576K
}
Event: 8.706 GC heap after
{Heap after GC invocations=50 (full 2):
 PSYoungGen      total 11776K, used 1530K [0x00000000eab00000, 0x00000000ec100000, 0x0000000100000000)
  eden space 10240K, 0% used [0x00000000eab00000,0x00000000eab00000,0x00000000eb500000)
  from space 1536K, 99% used [0x00000000eba80000,0x00000000ebbfe830,0x00000000ebc00000)
  to   space 5632K, 0% used [0x00000000eb500000,0x00000000eb500000,0x00000000eba80000)
 ParOldGen       total 104448K, used 104423K [0x00000000c0000000, 0x00000000c6600000, 0x00000000eab00000)
  object space 104448K, 99% used [0x00000000c0000000,0x00000000c65f9f28,0x00000000c6600000)
 Metaspace       used 52525K, committed 53760K, reserved 1114112K
  class space    used 5534K, committed 6080K, reserved 1048576K
}
Event: 8.743 GC heap before
{Heap before GC invocations=51 (full 2):
 PSYoungGen      total 11776K, used 11770K [0x00000000eab00000, 0x00000000ec100000, 0x0000000100000000)
  eden space 10240K, 100% used [0x00000000eab00000,0x00000000eb500000,0x00000000eb500000)
  from space 1536K, 99% used [0x00000000eba80000,0x00000000ebbfe830,0x00000000ebc00000)
  to   space 5632K, 0% used [0x00000000eb500000,0x00000000eb500000,0x00000000eba80000)
 ParOldGen       total 104448K, used 104423K [0x00000000c0000000, 0x00000000c6600000, 0x00000000eab00000)
  object space 104448K, 99% used [0x00000000c0000000,0x00000000c65f9f28,0x00000000c6600000)
 Metaspace       used 52822K, committed 54144K, reserved 1114112K
  class space    used 5557K, committed 6144K, reserved 1048576K
}
Event: 8.745 GC heap after
{Heap after GC invocations=51 (full 2):
 PSYoungGen      total 12800K, used 2436K [0x00000000eab00000, 0x00000000ebc00000, 0x0000000100000000)
  eden space 10240K, 0% used [0x00000000eab00000,0x00000000eab00000,0x00000000eb500000)
  from space 2560K, 95% used [0x00000000eb500000,0x00000000eb761118,0x00000000eb780000)
  to   space 3584K, 0% used [0x00000000eb880000,0x00000000eb880000,0x00000000ebc00000)
 ParOldGen       total 105984K, used 105935K [0x00000000c0000000, 0x00000000c6780000, 0x00000000eab00000)
  object space 105984K, 99% used [0x00000000c0000000,0x00000000c6773d00,0x00000000c6780000)
 Metaspace       used 52822K, committed 54144K, reserved 1114112K
  class space    used 5557K, committed 6144K, reserved 1048576K
}
Event: 8.780 GC heap before
{Heap before GC invocations=52 (full 2):
 PSYoungGen      total 12800K, used 12676K [0x00000000eab00000, 0x00000000ebc00000, 0x0000000100000000)
  eden space 10240K, 100% used [0x00000000eab00000,0x00000000eb500000,0x00000000eb500000)
  from space 2560K, 95% used [0x00000000eb500000,0x00000000eb761118,0x00000000eb780000)
  to   space 3584K, 0% used [0x00000000eb880000,0x00000000eb880000,0x00000000ebc00000)
 ParOldGen       total 105984K, used 105935K [0x00000000c0000000, 0x00000000c6780000, 0x00000000eab00000)
  object space 105984K, 99% used [0x00000000c0000000,0x00000000c6773d00,0x00000000c6780000)
 Metaspace       used 53154K, committed 54400K, reserved 1114112K
  class space    used 5599K, committed 6144K, reserved 1048576K
}
Event: 8.783 GC heap after
{Heap after GC invocations=52 (full 2):
 PSYoungGen      total 12800K, used 2395K [0x00000000eab00000, 0x00000000ebb00000, 0x0000000100000000)
  eden space 10240K, 0% used [0x00000000eab00000,0x00000000eab00000,0x00000000eb500000)
  from space 2560K, 93% used [0x00000000eb880000,0x00000000ebad6cc8,0x00000000ebb00000)
  to   space 3072K, 0% used [0x00000000eb500000,0x00000000eb500000,0x00000000eb800000)
 ParOldGen       total 108544K, used 108122K [0x00000000c0000000, 0x00000000c6a00000, 0x00000000eab00000)
  object space 108544K, 99% used [0x00000000c0000000,0x00000000c6996ae0,0x00000000c6a00000)
 Metaspace       used 53154K, committed 54400K, reserved 1114112K
  class space    used 5599K, committed 6144K, reserved 1048576K
}
Event: 8.846 GC heap before
{Heap before GC invocations=53 (full 2):
 PSYoungGen      total 12800K, used 12589K [0x00000000eab00000, 0x00000000ebb00000, 0x0000000100000000)
  eden space 10240K, 99% used [0x00000000eab00000,0x00000000eb4f4af8,0x00000000eb500000)
  from space 2560K, 93% used [0x00000000eb880000,0x00000000ebad6cc8,0x00000000ebb00000)
  to   space 3072K, 0% used [0x00000000eb500000,0x00000000eb500000,0x00000000eb800000)
 ParOldGen       total 108544K, used 108122K [0x00000000c0000000, 0x00000000c6a00000, 0x00000000eab00000)
  object space 108544K, 99% used [0x00000000c0000000,0x00000000c6996ae0,0x00000000c6a00000)
 Metaspace       used 53351K, committed 54656K, reserved 1114112K
  class space    used 5620K, committed 6208K, reserved 1048576K
}
Event: 8.851 GC heap after
{Heap after GC invocations=53 (full 2):
 PSYoungGen      total 13312K, used 3070K [0x00000000eab00000, 0x00000000ec100000, 0x0000000100000000)
  eden space 10240K, 0% used [0x00000000eab00000,0x00000000eab00000,0x00000000eb500000)
  from space 3072K, 99% used [0x00000000eb500000,0x00000000eb7ff970,0x00000000eb800000)
  to   space 6144K, 0% used [0x00000000ebb00000,0x00000000ebb00000,0x00000000ec100000)
 ParOldGen       total 111104K, used 110598K [0x00000000c0000000, 0x00000000c6c80000, 0x00000000eab00000)
  object space 111104K, 99% used [0x00000000c0000000,0x00000000c6c01af8,0x00000000c6c80000)
 Metaspace       used 53351K, committed 54656K, reserved 1114112K
  class space    used 5620K, committed 6208K, reserved 1048576K
}
Event: 8.897 GC heap before
{Heap before GC invocations=54 (full 2):
 PSYoungGen      total 13312K, used 13310K [0x00000000eab00000, 0x00000000ec100000, 0x0000000100000000)
  eden space 10240K, 100% used [0x00000000eab00000,0x00000000eb500000,0x00000000eb500000)
  from space 3072K, 99% used [0x00000000eb500000,0x00000000eb7ff970,0x00000000eb800000)
  to   space 6144K, 0% used [0x00000000ebb00000,0x00000000ebb00000,0x00000000ec100000)
 ParOldGen       total 111104K, used 110598K [0x00000000c0000000, 0x00000000c6c80000, 0x00000000eab00000)
  object space 111104K, 99% used [0x00000000c0000000,0x00000000c6c01af8,0x00000000c6c80000)
 Metaspace       used 53579K, committed 54848K, reserved 1114112K
  class space    used 5635K, committed 6208K, reserved 1048576K
}
Event: 8.902 GC heap after
{Heap after GC invocations=54 (full 2):
 PSYoungGen      total 12800K, used 2214K [0x00000000eab00000, 0x00000000ebd80000, 0x0000000100000000)
  eden space 10240K, 0% used [0x00000000eab00000,0x00000000eab00000,0x00000000eb500000)
  from space 2560K, 86% used [0x00000000ebb00000,0x00000000ebd29ba8,0x00000000ebd80000)
  to   space 3584K, 0% used [0x00000000eb680000,0x00000000eb680000,0x00000000eba00000)
 ParOldGen       total 113664K, used 113579K [0x00000000c0000000, 0x00000000c6f00000, 0x00000000eab00000)
  object space 113664K, 99% used [0x00000000c0000000,0x00000000c6eead38,0x00000000c6f00000)
 Metaspace       used 53579K, committed 54848K, reserved 1114112K
  class space    used 5635K, committed 6208K, reserved 1048576K
}
Event: 8.923 GC heap before
{Heap before GC invocations=55 (full 2):
 PSYoungGen      total 12800K, used 12454K [0x00000000eab00000, 0x00000000ebd80000, 0x0000000100000000)
  eden space 10240K, 100% used [0x00000000eab00000,0x00000000eb500000,0x00000000eb500000)
  from space 2560K, 86% used [0x00000000ebb00000,0x00000000ebd29ba8,0x00000000ebd80000)
  to   space 3584K, 0% used [0x00000000eb680000,0x00000000eb680000,0x00000000eba00000)
 ParOldGen       total 113664K, used 113579K [0x00000000c0000000, 0x00000000c6f00000, 0x00000000eab00000)
  object space 113664K, 99% used [0x00000000c0000000,0x00000000c6eead38,0x00000000c6f00000)
 Metaspace       used 53633K, committed 54912K, reserved 1114112K
  class space    used 5640K, committed 6208K, reserved 1048576K
}
Event: 8.927 GC heap after
{Heap after GC invocations=55 (full 2):
 PSYoungGen      total 13312K, used 2983K [0x00000000eab00000, 0x00000000ebc00000, 0x0000000100000000)
  eden space 10240K, 0% used [0x00000000eab00000,0x00000000eab00000,0x00000000eb500000)
  from space 3072K, 97% used [0x00000000eb680000,0x00000000eb969c18,0x00000000eb980000)
  to   space 2560K, 0% used [0x00000000eb980000,0x00000000eb980000,0x00000000ebc00000)
 ParOldGen       total 115712K, used 115665K [0x00000000c0000000, 0x00000000c7100000, 0x00000000eab00000)
  object space 115712K, 99% used [0x00000000c0000000,0x00000000c70f4528,0x00000000c7100000)
 Metaspace       used 53633K, committed 54912K, reserved 1114112K
  class space    used 5640K, committed 6208K, reserved 1048576K
}
Event: 8.943 GC heap before
{Heap before GC invocations=56 (full 2):
 PSYoungGen      total 13312K, used 13223K [0x00000000eab00000, 0x00000000ebc00000, 0x0000000100000000)
  eden space 10240K, 100% used [0x00000000eab00000,0x00000000eb500000,0x00000000eb500000)
  from space 3072K, 97% used [0x00000000eb680000,0x00000000eb969c18,0x00000000eb980000)
  to   space 2560K, 0% used [0x00000000eb980000,0x00000000eb980000,0x00000000ebc00000)
 ParOldGen       total 115712K, used 115665K [0x00000000c0000000, 0x00000000c7100000, 0x00000000eab00000)
  object space 115712K, 99% used [0x00000000c0000000,0x00000000c70f4528,0x00000000c7100000)
 Metaspace       used 53642K, committed 54912K, reserved 1114112K
  class space    used 5640K, committed 6208K, reserved 1048576K
}
Event: 8.945 GC heap after
{Heap after GC invocations=56 (full 2):
 PSYoungGen      total 12288K, used 1744K [0x00000000eab00000, 0x00000000ebb80000, 0x0000000100000000)
  eden space 10240K, 0% used [0x00000000eab00000,0x00000000eab00000,0x00000000eb500000)
  from space 2048K, 85% used [0x00000000eb980000,0x00000000ebb34088,0x00000000ebb80000)
  to   space 2560K, 0% used [0x00000000eb680000,0x00000000eb680000,0x00000000eb900000)
 ParOldGen       total 117760K, used 117651K [0x00000000c0000000, 0x00000000c7300000, 0x00000000eab00000)
  object space 117760K, 99% used [0x00000000c0000000,0x00000000c72e4dc0,0x00000000c7300000)
 Metaspace       used 53642K, committed 54912K, reserved 1114112K
  class space    used 5640K, committed 6208K, reserved 1048576K
}
Event: 8.964 GC heap before
{Heap before GC invocations=57 (full 2):
 PSYoungGen      total 12288K, used 11984K [0x00000000eab00000, 0x00000000ebb80000, 0x0000000100000000)
  eden space 10240K, 100% used [0x00000000eab00000,0x00000000eb500000,0x00000000eb500000)
  from space 2048K, 85% used [0x00000000eb980000,0x00000000ebb34088,0x00000000ebb80000)
  to   space 2560K, 0% used [0x00000000eb680000,0x00000000eb680000,0x00000000eb900000)
 ParOldGen       total 117760K, used 117651K [0x00000000c0000000, 0x00000000c7300000, 0x00000000eab00000)
  object space 117760K, 99% used [0x00000000c0000000,0x00000000c72e4dc0,0x00000000c7300000)
 Metaspace       used 53656K, committed 54912K, reserved 1114112K
  class space    used 5640K, committed 6208K, reserved 1048576K
}
Event: 8.967 GC heap after
{Heap after GC invocations=57 (full 2):
 PSYoungGen      total 12800K, used 2184K [0x00000000eab00000, 0x00000000eba00000, 0x0000000100000000)
  eden space 10240K, 0% used [0x00000000eab00000,0x00000000eab00000,0x00000000eb500000)
  from space 2560K, 85% used [0x00000000eb680000,0x00000000eb8a21c0,0x00000000eb900000)
  to   space 1024K, 0% used [0x00000000eb900000,0x00000000eb900000,0x00000000eba00000)
 ParOldGen       total 118784K, used 118699K [0x00000000c0000000, 0x00000000c7400000, 0x00000000eab00000)
  object space 118784K, 99% used [0x00000000c0000000,0x00000000c73eafe8,0x00000000c7400000)
 Metaspace       used 53656K, committed 54912K, reserved 1114112K
  class space    used 5640K, committed 6208K, reserved 1048576K
}
Event: 8.989 GC heap before
{Heap before GC invocations=58 (full 2):
 PSYoungGen      total 12800K, used 12424K [0x00000000eab00000, 0x00000000eba00000, 0x0000000100000000)
  eden space 10240K, 100% used [0x00000000eab00000,0x00000000eb500000,0x00000000eb500000)
  from space 2560K, 85% used [0x00000000eb680000,0x00000000eb8a21c0,0x00000000eb900000)
  to   space 1024K, 0% used [0x00000000eb900000,0x00000000eb900000,0x00000000eba00000)
 ParOldGen       total 118784K, used 118699K [0x00000000c0000000, 0x00000000c7400000, 0x00000000eab00000)
  object space 118784K, 99% used [0x00000000c0000000,0x00000000c73eafe8,0x00000000c7400000)
 Metaspace       used 53660K, committed 54912K, reserved 1114112K
  class space    used 5640K, committed 6208K, reserved 1048576K
}
Event: 8.993 GC heap after
{Heap after GC invocations=58 (full 2):
 PSYoungGen      total 11264K, used 1001K [0x00000000eab00000, 0x00000000ebd00000, 0x0000000100000000)
  eden space 10240K, 0% used [0x00000000eab00000,0x00000000eab00000,0x00000000eb500000)
  from space 1024K, 97% used [0x00000000eb900000,0x00000000eb9fa680,0x00000000eba00000)
  to   space 4096K, 0% used [0x00000000eb500000,0x00000000eb500000,0x00000000eb900000)
 ParOldGen       total 121856K, used 121401K [0x00000000c0000000, 0x00000000c7700000, 0x00000000eab00000)
  object space 121856K, 99% used [0x00000000c0000000,0x00000000c768e768,0x00000000c7700000)
 Metaspace       used 53660K, committed 54912K, reserved 1114112K
  class space    used 5640K, committed 6208K, reserved 1048576K
}

